c:\users\parkwonjin\downloads\5674-349\lowlib\release\lowlib.pch
c:\users\parkwonjin\downloads\5674-349\lowlib\release\lowlib.pdb
c:\users\parkwonjin\downloads\5674-349\lowlib\release\stdafx.obj
c:\users\parkwonjin\downloads\5674-349\lowlib\release\stream.obj
c:\users\parkwonjin\downloads\5674-349\lowlib\release\service.obj
c:\users\parkwonjin\downloads\5674-349\lowlib\release\registry.obj
c:\users\parkwonjin\downloads\5674-349\lowlib\release\random.obj
c:\users\parkwonjin\downloads\5674-349\lowlib\release\profile.obj
c:\users\parkwonjin\downloads\5674-349\lowlib\release\packetsession.obj
c:\users\parkwonjin\downloads\5674-349\lowlib\release\networksession.obj
c:\users\parkwonjin\downloads\5674-349\lowlib\release\minidump.obj
c:\users\parkwonjin\downloads\5674-349\lowlib\release\iocp.obj
c:\users\parkwonjin\downloads\5674-349\lowlib\release\inifile.obj
c:\users\parkwonjin\downloads\5674-349\lowlib\release\eventselect.obj
c:\users\parkwonjin\downloads\5674-349\lowlib\release\crypt.obj
c:\users\parkwonjin\downloads\5674-349\lowlib\release\clientsession.obj
c:\users\parkwonjin\downloads\5674-349\lowlib\release\circularqueue.obj
c:\users\parkwonjin\desktop\serversolution\lowlib\release\lowlib.pch
c:\users\parkwonjin\desktop\serversolution\lowlib\release\lowlib.pdb
c:\users\parkwonjin\desktop\serversolution\lowlib\release\stdafx.obj
c:\users\parkwonjin\desktop\serversolution\lowlib\release\stream.obj
c:\users\parkwonjin\desktop\serversolution\lowlib\release\service.obj
c:\users\parkwonjin\desktop\serversolution\lowlib\release\registry.obj
c:\users\parkwonjin\desktop\serversolution\lowlib\release\random.obj
c:\users\parkwonjin\desktop\serversolution\lowlib\release\profile.obj
c:\users\parkwonjin\desktop\serversolution\lowlib\release\packetsession.obj
c:\users\parkwonjin\desktop\serversolution\lowlib\release\networksession.obj
c:\users\parkwonjin\desktop\serversolution\lowlib\release\minidump.obj
c:\users\parkwonjin\desktop\serversolution\lowlib\release\iocp.obj
c:\users\parkwonjin\desktop\serversolution\lowlib\release\inifile.obj
c:\users\parkwonjin\desktop\serversolution\lowlib\release\eventselect.obj
c:\users\parkwonjin\desktop\serversolution\lowlib\release\crypt.obj
c:\users\parkwonjin\desktop\serversolution\lowlib\release\clientsession.obj
c:\users\parkwonjin\desktop\serversolution\lowlib\release\circularqueue.obj
c:\users\parkwonjin\downloads\5674-349\lowlib\release\lowlib.lib
c:\users\parkwonjin\desktop\serversolution\lowlib\release\lowlib.lib
c:\users\parkwonjin\desktop\serversolution\lowlib\release\msado15.tli
c:\users\parkwonjin\desktop\serversolution\lowlib\release\msado15.tlh
c:\users\parkwonjin\desktop\serversolution\lowlib\release\lowlib.tlog\cl.command.1.tlog
c:\users\parkwonjin\desktop\serversolution\lowlib\release\lowlib.tlog\cl.read.1.tlog
c:\users\parkwonjin\desktop\serversolution\lowlib\release\lowlib.tlog\cl.write.1.tlog
c:\users\parkwonjin\desktop\serversolution\lowlib\release\lowlib.tlog\lib-link.read.1.tlog
c:\users\parkwonjin\desktop\serversolution\lowlib\release\lowlib.tlog\lib-link.write.1.tlog
c:\users\parkwonjin\desktop\serversolution\lowlib\release\lowlib.tlog\lib.command.1.tlog
