  stdafx.cpp
  PacketGenerator.cpp
PacketGenerator.cpp(123): warning C4996: 'strcpy': This function or variable may be unsafe. Consider using strcpy_s instead. To disable deprecation, use _CRT_SECURE_NO_WARNINGS. See online help for details.
  C:\Program Files (x86)\Windows Kits\10\Include\10.0.10240.0\ucrt\string.h(119): note: 'strcpy' 선언을 참조하십시오.
PacketGenerator.cpp(36): warning C4996: '_snprintf': This function or variable may be unsafe. Consider using _snprintf_s instead. To disable deprecation, use _CRT_SECURE_NO_WARNINGS. See online help for details.
  C:\Program Files (x86)\Windows Kits\10\Include\10.0.10240.0\ucrt\stdio.h(1952): note: '_snprintf' 선언을 참조하십시오.
PacketGenerator.cpp(37): warning C4996: '_snprintf': This function or variable may be unsafe. Consider using _snprintf_s instead. To disable deprecation, use _CRT_SECURE_NO_WARNINGS. See online help for details.
  C:\Program Files (x86)\Windows Kits\10\Include\10.0.10240.0\ucrt\stdio.h(1952): note: '_snprintf' 선언을 참조하십시오.
PacketGenerator.cpp(38): warning C4996: '_snprintf': This function or variable may be unsafe. Consider using _snprintf_s instead. To disable deprecation, use _CRT_SECURE_NO_WARNINGS. See online help for details.
  C:\Program Files (x86)\Windows Kits\10\Include\10.0.10240.0\ucrt\stdio.h(1952): note: '_snprintf' 선언을 참조하십시오.
PacketGenerator.cpp(42): warning C4996: 'fopen': This function or variable may be unsafe. Consider using fopen_s instead. To disable deprecation, use _CRT_SECURE_NO_WARNINGS. See online help for details.
  C:\Program Files (x86)\Windows Kits\10\Include\10.0.10240.0\ucrt\stdio.h(205): note: 'fopen' 선언을 참조하십시오.
PacketGenerator.cpp(67): warning C4996: '_tcsncpy': This function or variable may be unsafe. Consider using _tcsncpy_s instead. To disable deprecation, use _CRT_SECURE_NO_WARNINGS. See online help for details.
  C:\Program Files (x86)\Windows Kits\10\Include\10.0.10240.0\ucrt\tchar.h(1541): note: '_tcsncpy' 선언을 참조하십시오.
PacketGenerator.cpp(103): warning C4996: '_tcsncpy': This function or variable may be unsafe. Consider using _tcsncpy_s instead. To disable deprecation, use _CRT_SECURE_NO_WARNINGS. See online help for details.
  C:\Program Files (x86)\Windows Kits\10\Include\10.0.10240.0\ucrt\tchar.h(1541): note: '_tcsncpy' 선언을 참조하십시오.
PacketGenerator.cpp(114): warning C4996: '_tcsncpy': This function or variable may be unsafe. Consider using _tcsncpy_s instead. To disable deprecation, use _CRT_SECURE_NO_WARNINGS. See online help for details.
  C:\Program Files (x86)\Windows Kits\10\Include\10.0.10240.0\ucrt\tchar.h(1541): note: '_tcsncpy' 선언을 참조하십시오.
PacketGenerator.cpp(117): warning C4996: '_tcsncpy': This function or variable may be unsafe. Consider using _tcsncpy_s instead. To disable deprecation, use _CRT_SECURE_NO_WARNINGS. See online help for details.
  C:\Program Files (x86)\Windows Kits\10\Include\10.0.10240.0\ucrt\tchar.h(1541): note: '_tcsncpy' 선언을 참조하십시오.
PacketGenerator.cpp(133): warning C4996: 'fopen': This function or variable may be unsafe. Consider using fopen_s instead. To disable deprecation, use _CRT_SECURE_NO_WARNINGS. See online help for details.
  C:\Program Files (x86)\Windows Kits\10\Include\10.0.10240.0\ucrt\stdio.h(205): note: 'fopen' 선언을 참조하십시오.
PacketGenerator.cpp(157): warning C4996: 'fopen': This function or variable may be unsafe. Consider using fopen_s instead. To disable deprecation, use _CRT_SECURE_NO_WARNINGS. See online help for details.
  C:\Program Files (x86)\Windows Kits\10\Include\10.0.10240.0\ucrt\stdio.h(205): note: 'fopen' 선언을 참조하십시오.
PacketGenerator.cpp(208): warning C4996: 'fopen': This function or variable may be unsafe. Consider using fopen_s instead. To disable deprecation, use _CRT_SECURE_NO_WARNINGS. See online help for details.
  C:\Program Files (x86)\Windows Kits\10\Include\10.0.10240.0\ucrt\stdio.h(205): note: 'fopen' 선언을 참조하십시오.
PacketGenerator.cpp(264): warning C4996: '_tcslwr': This function or variable may be unsafe. Consider using _tcslwr_s instead. To disable deprecation, use _CRT_SECURE_NO_WARNINGS. See online help for details.
  C:\Program Files (x86)\Windows Kits\10\Include\10.0.10240.0\ucrt\tchar.h(1903): note: '_tcslwr' 선언을 참조하십시오.
PacketGenerator.cpp(266): warning C4996: '_tcslwr': This function or variable may be unsafe. Consider using _tcslwr_s instead. To disable deprecation, use _CRT_SECURE_NO_WARNINGS. See online help for details.
  C:\Program Files (x86)\Windows Kits\10\Include\10.0.10240.0\ucrt\tchar.h(1903): note: '_tcslwr' 선언을 참조하십시오.
PacketGenerator.cpp(276): warning C4996: '_tcslwr': This function or variable may be unsafe. Consider using _tcslwr_s instead. To disable deprecation, use _CRT_SECURE_NO_WARNINGS. See online help for details.
  C:\Program Files (x86)\Windows Kits\10\Include\10.0.10240.0\ucrt\tchar.h(1903): note: '_tcslwr' 선언을 참조하십시오.
PacketGenerator.cpp(278): warning C4996: '_tcslwr': This function or variable may be unsafe. Consider using _tcslwr_s instead. To disable deprecation, use _CRT_SECURE_NO_WARNINGS. See online help for details.
  C:\Program Files (x86)\Windows Kits\10\Include\10.0.10240.0\ucrt\tchar.h(1903): note: '_tcslwr' 선언을 참조하십시오.
PacketGenerator.cpp(280): warning C4996: '_tcslwr': This function or variable may be unsafe. Consider using _tcslwr_s instead. To disable deprecation, use _CRT_SECURE_NO_WARNINGS. See online help for details.
  C:\Program Files (x86)\Windows Kits\10\Include\10.0.10240.0\ucrt\tchar.h(1903): note: '_tcslwr' 선언을 참조하십시오.
PacketGenerator.cpp(284): warning C4996: '_tcslwr': This function or variable may be unsafe. Consider using _tcslwr_s instead. To disable deprecation, use _CRT_SECURE_NO_WARNINGS. See online help for details.
  C:\Program Files (x86)\Windows Kits\10\Include\10.0.10240.0\ucrt\tchar.h(1903): note: '_tcslwr' 선언을 참조하십시오.
PacketGenerator.cpp(286): warning C4996: '_tcslwr': This function or variable may be unsafe. Consider using _tcslwr_s instead. To disable deprecation, use _CRT_SECURE_NO_WARNINGS. See online help for details.
  C:\Program Files (x86)\Windows Kits\10\Include\10.0.10240.0\ucrt\tchar.h(1903): note: '_tcslwr' 선언을 참조하십시오.
PacketGenerator.cpp(291): warning C4996: '_tcslwr': This function or variable may be unsafe. Consider using _tcslwr_s instead. To disable deprecation, use _CRT_SECURE_NO_WARNINGS. See online help for details.
  C:\Program Files (x86)\Windows Kits\10\Include\10.0.10240.0\ucrt\tchar.h(1903): note: '_tcslwr' 선언을 참조하십시오.
PacketGenerator.cpp(294): warning C4996: '_tcslwr': This function or variable may be unsafe. Consider using _tcslwr_s instead. To disable deprecation, use _CRT_SECURE_NO_WARNINGS. See online help for details.
  C:\Program Files (x86)\Windows Kits\10\Include\10.0.10240.0\ucrt\tchar.h(1903): note: '_tcslwr' 선언을 참조하십시오.
PacketGenerator.cpp(295): warning C4996: '_tcslwr': This function or variable may be unsafe. Consider using _tcslwr_s instead. To disable deprecation, use _CRT_SECURE_NO_WARNINGS. See online help for details.
  C:\Program Files (x86)\Windows Kits\10\Include\10.0.10240.0\ucrt\tchar.h(1903): note: '_tcslwr' 선언을 참조하십시오.
PacketGenerator.cpp(296): warning C4996: '_tcslwr': This function or variable may be unsafe. Consider using _tcslwr_s instead. To disable deprecation, use _CRT_SECURE_NO_WARNINGS. See online help for details.
  C:\Program Files (x86)\Windows Kits\10\Include\10.0.10240.0\ucrt\tchar.h(1903): note: '_tcslwr' 선언을 참조하십시오.
PacketGenerator.cpp(300): warning C4996: '_tcslwr': This function or variable may be unsafe. Consider using _tcslwr_s instead. To disable deprecation, use _CRT_SECURE_NO_WARNINGS. See online help for details.
  C:\Program Files (x86)\Windows Kits\10\Include\10.0.10240.0\ucrt\tchar.h(1903): note: '_tcslwr' 선언을 참조하십시오.
PacketGenerator.cpp(302): warning C4996: '_tcslwr': This function or variable may be unsafe. Consider using _tcslwr_s instead. To disable deprecation, use _CRT_SECURE_NO_WARNINGS. See online help for details.
  C:\Program Files (x86)\Windows Kits\10\Include\10.0.10240.0\ucrt\tchar.h(1903): note: '_tcslwr' 선언을 참조하십시오.
PacketGenerator.cpp(304): warning C4996: '_tcslwr': This function or variable may be unsafe. Consider using _tcslwr_s instead. To disable deprecation, use _CRT_SECURE_NO_WARNINGS. See online help for details.
  C:\Program Files (x86)\Windows Kits\10\Include\10.0.10240.0\ucrt\tchar.h(1903): note: '_tcslwr' 선언을 참조하십시오.
PacketGenerator.cpp(306): warning C4996: '_tcslwr': This function or variable may be unsafe. Consider using _tcslwr_s instead. To disable deprecation, use _CRT_SECURE_NO_WARNINGS. See online help for details.
  C:\Program Files (x86)\Windows Kits\10\Include\10.0.10240.0\ucrt\tchar.h(1903): note: '_tcslwr' 선언을 참조하십시오.
PacketGenerator.cpp(308): warning C4996: '_tcslwr': This function or variable may be unsafe. Consider using _tcslwr_s instead. To disable deprecation, use _CRT_SECURE_NO_WARNINGS. See online help for details.
  C:\Program Files (x86)\Windows Kits\10\Include\10.0.10240.0\ucrt\tchar.h(1903): note: '_tcslwr' 선언을 참조하십시오.
PacketGenerator.cpp(310): warning C4996: '_tcslwr': This function or variable may be unsafe. Consider using _tcslwr_s instead. To disable deprecation, use _CRT_SECURE_NO_WARNINGS. See online help for details.
  C:\Program Files (x86)\Windows Kits\10\Include\10.0.10240.0\ucrt\tchar.h(1903): note: '_tcslwr' 선언을 참조하십시오.
  PacketGenerator.vcxproj -> C:\Users\Parkwonjin\Downloads\5674-349\PacketGenerator\Release\PacketGenerator.exe
  PacketGenerator.vcxproj -> Release\PacketGenerator.pdb (Full PDB)
