c:\users\parkwonjin\desktop\serversolution\lowlib\debug\lowlib.pch
c:\users\parkwonjin\desktop\serversolution\lowlib\debug\lowlib.pdb
c:\users\parkwonjin\desktop\serversolution\lowlib\debug\lowlib.idb
c:\users\parkwonjin\desktop\serversolution\lowlib\debug\stdafx.obj
c:\users\parkwonjin\desktop\serversolution\lowlib\debug\circularqueue.obj
c:\users\parkwonjin\desktop\serversolution\lowlib\debug\clientsession.obj
c:\users\parkwonjin\desktop\serversolution\lowlib\debug\crypt.obj
c:\users\parkwonjin\desktop\serversolution\lowlib\debug\eventselect.obj
c:\users\parkwonjin\desktop\serversolution\lowlib\debug\inifile.obj
c:\users\parkwonjin\desktop\serversolution\lowlib\debug\iocp.obj
c:\users\parkwonjin\desktop\serversolution\lowlib\debug\minidump.obj
c:\users\parkwonjin\desktop\serversolution\lowlib\debug\networksession.obj
c:\users\parkwonjin\desktop\serversolution\lowlib\debug\packetsession.obj
c:\users\parkwonjin\desktop\serversolution\lowlib\debug\profile.obj
c:\users\parkwonjin\desktop\serversolution\lowlib\debug\random.obj
c:\users\parkwonjin\desktop\serversolution\lowlib\debug\registry.obj
c:\users\parkwonjin\desktop\serversolution\lowlib\debug\service.obj
c:\users\parkwonjin\desktop\serversolution\lowlib\debug\stream.obj
c:\users\parkwonjin\desktop\serversolution\lowlib\debug\lowlib.lib
c:\users\parkwonjin\desktop\serversolution\lowlib\debug\msado15.tli
c:\users\parkwonjin\desktop\serversolution\lowlib\debug\msado15.tlh
c:\users\parkwonjin\desktop\serversolution\lowlib\debug\lowlib.tlog\cl.command.1.tlog
c:\users\parkwonjin\desktop\serversolution\lowlib\debug\lowlib.tlog\cl.read.1.tlog
c:\users\parkwonjin\desktop\serversolution\lowlib\debug\lowlib.tlog\cl.write.1.tlog
c:\users\parkwonjin\desktop\serversolution\lowlib\debug\lowlib.tlog\lib-link.read.1.tlog
c:\users\parkwonjin\desktop\serversolution\lowlib\debug\lowlib.tlog\lib-link.write.1.tlog
c:\users\parkwonjin\desktop\serversolution\lowlib\debug\lowlib.tlog\lib.command.1.tlog
