c:\users\parkwonjin\downloads\exampleframework\exampleframework\exampleframework\x64\debug\vc140.pdb
c:\users\parkwonjin\downloads\exampleframework\exampleframework\exampleframework\x64\debug\vc140.idb
c:\users\parkwonjin\downloads\exampleframework\exampleframework\exampleframework\x64\debug\component.obj
c:\users\parkwonjin\downloads\exampleframework\exampleframework\exampleframework\x64\debug\gameobject.obj
c:\users\parkwonjin\downloads\exampleframework\exampleframework\exampleframework\x64\debug\program.obj
c:\users\parkwonjin\downloads\exampleframework\exampleframework\exampleframework\x64\debug\scene.obj
c:\users\parkwonjin\downloads\exampleframework\exampleframework\exampleframework\x64\debug\scenemanager.obj
c:\users\parkwonjin\downloads\exampleframework\exampleframework\exampleframework\x64\debug\interface.obj
c:\users\parkwonjin\downloads\exampleframework\exampleframework\exampleframework\x64\debug\rendermanager.obj
c:\users\parkwonjin\downloads\exampleframework\exampleframework\x64\debug\exampleframework.pdb
c:\users\parkwonjin\downloads\exampleframework\exampleframework\exampleframework\x64\debug\exampleframework.tlog\cl.command.1.tlog
c:\users\parkwonjin\downloads\exampleframework\exampleframework\exampleframework\x64\debug\exampleframework.tlog\cl.read.1.tlog
c:\users\parkwonjin\downloads\exampleframework\exampleframework\exampleframework\x64\debug\exampleframework.tlog\cl.write.1.tlog
c:\users\parkwonjin\downloads\exampleframework\exampleframework\exampleframework\x64\debug\exampleframework.tlog\link-cvtres.read.1.tlog
c:\users\parkwonjin\downloads\exampleframework\exampleframework\exampleframework\x64\debug\exampleframework.tlog\link-cvtres.write.1.tlog
c:\users\parkwonjin\downloads\exampleframework\exampleframework\exampleframework\x64\debug\exampleframework.tlog\link-rc.read.1.tlog
c:\users\parkwonjin\downloads\exampleframework\exampleframework\exampleframework\x64\debug\exampleframework.tlog\link-rc.write.1.tlog
c:\users\parkwonjin\downloads\exampleframework\exampleframework\exampleframework\x64\debug\exampleframework.tlog\link.command.1.tlog
c:\users\parkwonjin\downloads\exampleframework\exampleframework\exampleframework\x64\debug\exampleframework.tlog\link.read.1.tlog
c:\users\parkwonjin\downloads\exampleframework\exampleframework\exampleframework\x64\debug\exampleframework.tlog\link.write.1.tlog
